
SQL*Loader: Release 21.0.0.0.0 - Production on Wed Jun 18 17:51:48 2025
Version 21.3.0.0.0

Copyright (c) 1982, 2021, Oracle and/or its affiliates.  All rights reserved.

Control File:   data_time.ctl
Character Set AL32UTF8 specified for all input.

Data File:      C:\csv/time.csv
  Bad File:     date.bad
  Discard File: data_time.dsc 
 (Allow all discards)

Number to load: ALL
Number to skip: 1
Errors allowed: 50
Continuation:    none specified
Path used:      Direct

Table C##POLROUTEDS.DATA_TIME, loaded from every logical record.
Insert option in effect for this table: APPEND
TRAILING NULLCOLS option in effect

   Column Name                  Position   Len  Term Encl Datatype
------------------------------ ---------- ----- ---- ---- ---------------------
ID                                  FIRST     *   ;  O(") CHARACTER            
PERIOD                               NEXT    20   ;  O(") CHARACTER            
DAY                                  NEXT     *   ;  O(") CHARACTER            
MONTH                                NEXT     *   ;  O(") CHARACTER            
YEAR                                 NEXT     *   ;  O(") CHARACTER            
WEEKDAY                              NEXT    10   ;  O(") CHARACTER            

The following index(es) on table C##POLROUTEDS.DATA_TIME were processed:
index C##POLROUTEDS.SYS_C008565 loaded successfully with 28593 keys

Table C##POLROUTEDS.DATA_TIME:
  28593 Rows successfully loaded.
  0 Rows not loaded due to data errors.
  0 Rows not loaded because all WHEN clauses were failed.
  0 Rows not loaded because all fields were null.

Bind array size not used in direct path.
Column array  rows :    5000
Stream buffer bytes:  256000
Read   buffer bytes: 1048576

Total logical records skipped:          1
Total logical records read:         28593
Total logical records rejected:         0
Total logical records discarded:        0
Total stream buffers loaded by SQL*Loader main thread:        6
Total stream buffers loaded by SQL*Loader load thread:        0

Run began on Wed Jun 18 17:51:48 2025
Run ended on Wed Jun 18 17:51:50 2025

Elapsed time was:     00:00:01.75
CPU time was:         00:00:00.08
